Removed Pin From Net: NetName=AD1 Pin=P?-1
Removed Pin From Net: NetName=AD1 Pin=Q1-1
Removed Pin From Net: NetName=AD0 Pin=Q1-3
Removed Pin From Net: NetName=AD0 Pin=R?-1
Removed Pin From Net: NetName=NetQ1_2 Pin=S1-1
Removed Pin From Net: NetName=AD0 Pin=S1-2
Change Component Designator: OldDesignator=C? NewDesignator=C1
Change Component Designator: OldDesignator=R? NewDesignator=R6
Added Component: Designator=R2(AXIAL-0.3)
Added Component: Designator=R3(AXIAL-0.3)
Added Component: Designator=R4(AXIAL-0.3)
Added Component: Designator=R5(AXIAL-0.3)
Added Pin To Net: NetName=GND Pin=R3-2
Added Pin To Net: NetName=NetQ1_2 Pin=R4-1
Added Pin To Net: NetName=AD2 Pin=R4-2
Added Pin To Net: NetName=AD0 Pin=R5-2
Added Pin To Net: NetName=AD2 Pin=S1-9
Change Net Name : Old Net Name=NetC?_1 New Net Name=NetC1_1
Added Pin To Net: NetName=NetP?_1 Pin=P?-1
Added Pin To Net: NetName=NetP?_1 Pin=Q1-1
Added Net: Name=NetP?_1
Added Pin To Net: NetName=NetQ1_3 Pin=Q1-3
Added Pin To Net: NetName=NetQ1_3 Pin=R6-1
Added Net: Name=NetQ1_3
Added Pin To Net: NetName=NetR2_1 Pin=R2-1
Added Pin To Net: NetName=NetR2_1 Pin=R3-1
Added Pin To Net: NetName=NetR2_1 Pin=S1-5
Added Net: Name=NetR2_1
Added Pin To Net: NetName=NetR2_2 Pin=R2-2
Added Pin To Net: NetName=NetR2_2 Pin=S1-1
Added Pin To Net: NetName=NetR2_2 Pin=S1-2
Added Net: Name=NetR2_2
Added Pin To Net: NetName=NetR5_1 Pin=R5-1
Added Pin To Net: NetName=NetR5_1 Pin=S1-8
Added Net: Name=NetR5_1
Added Pin To Net: NetName=NetS1_6 Pin=S1-6
Added Pin To Net: NetName=NetS1_6 Pin=S1-7
Added Pin To Net: NetName=NetS1_6 Pin=S1-10
Added Net: Name=NetS1_6
Added Member To Class: ClassName=ArduinoUnoShield Member=Component R2 Res1
Added Member To Class: ClassName=ArduinoUnoShield Member=Component R3 Res1
Added Member To Class: ClassName=ArduinoUnoShield Member=Component R4 Res1
Added Member To Class: ClassName=ArduinoUnoShield Member=Component R5 Res1
Added Member To Class: ClassName=ArduinoUnoShield Member=Component S1 SW DIP-7
Added Room: Name=ArduinoUnoShield
